mode: atomic
gosocial/internal/chat/handler/mocks/mock_chat_service.go:33.67,37.2 3 0
gosocial/internal/chat/handler/mocks/mock_chat_service.go:40.65,42.2 1 0
gosocial/internal/chat/handler/mocks/mock_chat_service.go:45.117,51.2 5 0
gosocial/internal/chat/handler/mocks/mock_chat_service.go:54.96,57.2 2 0
gosocial/internal/chat/handler/mocks/mock_chat_service.go:60.108,66.2 5 0
gosocial/internal/chat/handler/mocks/mock_chat_service.go:69.79,72.2 2 0
gosocial/internal/chat/service/mocks/mock_chat_repository.go:33.73,37.2 3 0
gosocial/internal/chat/service/mocks/mock_chat_repository.go:40.71,42.2 1 0
gosocial/internal/chat/service/mocks/mock_chat_repository.go:45.115,51.2 5 0
gosocial/internal/chat/service/mocks/mock_chat_repository.go:54.94,57.2 2 0
gosocial/internal/chat/service/mocks/mock_chat_repository.go:60.84,65.2 4 0
gosocial/internal/chat/service/mocks/mock_chat_repository.go:68.75,71.2 2 0
gosocial/internal/chat/service/chat_service.go:22.62,24.2 1 2
gosocial/internal/chat/service/chat_service.go:27.104,29.30 1 3
gosocial/internal/chat/service/chat_service.go:29.30,31.3 1 1
gosocial/internal/chat/service/chat_service.go:32.2,32.24 1 2
gosocial/internal/chat/service/chat_service.go:32.24,34.3 1 0
gosocial/internal/chat/service/chat_service.go:35.2,35.23 1 2
gosocial/internal/chat/service/chat_service.go:35.23,37.3 1 0
gosocial/internal/chat/service/chat_service.go:40.2,44.16 3 2
gosocial/internal/chat/service/chat_service.go:44.16,46.3 1 1
gosocial/internal/chat/service/chat_service.go:48.2,48.17 1 1
gosocial/internal/chat/service/chat_service.go:52.113,53.26 1 2
gosocial/internal/chat/service/chat_service.go:53.26,55.3 1 1
gosocial/internal/chat/service/chat_service.go:57.2,57.49 1 1
gosocial/internal/chat/service/mocks/mock_chat_repository.go:33.73,37.2 3 2
gosocial/internal/chat/service/mocks/mock_chat_repository.go:40.71,42.2 1 3
gosocial/internal/chat/service/mocks/mock_chat_repository.go:45.115,51.2 5 1
gosocial/internal/chat/service/mocks/mock_chat_repository.go:54.94,57.2 2 1
gosocial/internal/chat/service/mocks/mock_chat_repository.go:60.84,65.2 4 2
gosocial/internal/chat/service/mocks/mock_chat_repository.go:68.75,71.2 2 2
gosocial/internal/chat/repository/chat_repository.go:20.52,24.2 1 4
gosocial/internal/chat/repository/chat_repository.go:26.74,28.2 1 2
gosocial/internal/chat/repository/chat_repository.go:30.105,33.2 2 2
