mode: atomic
gosocial/internal/chat/handler/mocks/mock_chat_service.go:33.67,37.2 3 0
gosocial/internal/chat/handler/mocks/mock_chat_service.go:40.65,42.2 1 0
gosocial/internal/chat/handler/mocks/mock_chat_service.go:45.117,51.2 5 0
gosocial/internal/chat/handler/mocks/mock_chat_service.go:54.96,57.2 2 0
gosocial/internal/chat/handler/mocks/mock_chat_service.go:60.108,66.2 5 0
gosocial/internal/chat/handler/mocks/mock_chat_service.go:69.79,72.2 2 0
gosocial/internal/common/content_type_enum.go:14.42,16.2 1 2
gosocial/internal/common/content_type_enum.go:19.41,21.2 1 3
gosocial/internal/common/content_type_enum.go:23.52,25.48 2 19
gosocial/internal/common/content_type_enum.go:25.48,27.3 1 7
gosocial/internal/common/content_type_enum.go:28.2,28.48 1 12
gosocial/internal/common/content_type_enum.go:28.48,30.3 1 7
gosocial/internal/common/content_type_enum.go:31.2,31.27 1 5
gosocial/internal/di/wire_gen.go:29.56,32.16 3 0
gosocial/internal/di/wire_gen.go:32.16,34.3 1 0
gosocial/internal/di/wire_gen.go:35.2,43.25 5 0
gosocial/internal/di/wire_gen.go:43.26,44.3 0 0
gosocial/internal/di/wire_gen.go:47.52,50.16 3 0
gosocial/internal/di/wire_gen.go:50.16,52.3 1 0
gosocial/internal/di/wire_gen.go:53.2,56.16 4 0
gosocial/internal/di/wire_gen.go:56.16,58.3 1 0
gosocial/internal/di/wire_gen.go:59.2,60.16 2 0
gosocial/internal/di/wire_gen.go:60.16,62.3 1 0
gosocial/internal/di/wire_gen.go:63.2,73.25 6 0
gosocial/internal/di/wire_gen.go:94.114,96.2 1 0
gosocial/internal/di/wire_gen.go:98.68,99.69 1 0
gosocial/internal/di/wire_gen.go:99.69,102.3 2 0
gosocial/internal/di/wire_gen.go:104.2,108.16 4 0
gosocial/internal/di/wire_gen.go:108.16,111.3 2 0
gosocial/internal/di/wire_gen.go:113.2,113.17 1 0
gosocial/internal/di/wire_gen.go:116.77,117.16 1 0
gosocial/internal/di/wire_gen.go:117.16,120.3 2 0
gosocial/internal/di/wire_gen.go:122.2,123.16 2 0
gosocial/internal/di/wire_gen.go:123.16,126.3 2 0
gosocial/internal/di/wire_gen.go:127.2,127.20 1 0
gosocial/internal/di/wire_gen.go:130.66,132.2 1 0
gosocial/internal/di/wire_gen.go:136.70,139.2 2 0
gosocial/internal/dbmysql/connection.go:27.53,29.15 2 0
gosocial/internal/dbmysql/connection.go:29.15,31.3 1 0
gosocial/internal/dbmysql/connection.go:33.2,37.16 2 0
gosocial/internal/dbmysql/connection.go:37.16,39.3 1 0
gosocial/internal/dbmysql/connection.go:41.2,42.16 2 0
gosocial/internal/dbmysql/connection.go:42.16,44.3 1 0
gosocial/internal/dbmysql/connection.go:45.2,49.51 4 0
gosocial/internal/dbmysql/connection.go:49.51,51.3 1 0
gosocial/internal/dbmysql/connection.go:53.2,55.16 2 0
gosocial/internal/dbmysql/media_ref_repo.go:13.170,16.2 2 0
gosocial/internal/dbmysql/media_ref_repo.go:19.57,21.54 2 0
gosocial/internal/dbmysql/media_ref_repo.go:21.54,23.3 1 0
gosocial/internal/dbmysql/media_ref_repo.go:24.2,24.23 1 0
gosocial/internal/dbmysql/media_ref_repo.go:28.78,30.2 1 0
gosocial/internal/dbmysql/media_ref_repo.go:35.19,37.54 2 0
gosocial/internal/dbmysql/media_ref_repo.go:37.54,39.3 1 0
gosocial/internal/dbmysql/media_ref_repo.go:41.2,41.85 1 0
gosocial/internal/dbmysql/media_ref_repo.go:41.85,43.3 1 0
gosocial/internal/dbmysql/media_ref_repo.go:45.2,45.35 1 0
gosocial/internal/dbmysql/notification_models.go:34.65,35.18 1 0
gosocial/internal/dbmysql/notification_models.go:35.18,38.3 2 0
gosocial/internal/dbmysql/notification_models.go:40.2,41.9 2 0
gosocial/internal/dbmysql/notification_models.go:41.9,43.3 1 0
gosocial/internal/dbmysql/notification_models.go:45.2,45.34 1 0
gosocial/internal/dbmysql/notification_models.go:48.64,50.2 1 0
gosocial/internal/dbmysql/notification_models.go:53.73,55.23 2 0
gosocial/internal/dbmysql/notification_models.go:55.23,57.3 1 0
gosocial/internal/dbmysql/notification_models.go:58.2,58.15 1 0
gosocial/internal/dbmysql/notification_models.go:62.93,64.29 2 0
gosocial/internal/dbmysql/notification_models.go:64.29,66.3 1 0
gosocial/internal/dbmysql/notification_models.go:67.2,67.15 1 0
gosocial/internal/dbmysql/notification_repositories.go:16.75,20.2 1 0
gosocial/internal/dbmysql/notification_repositories.go:22.94,24.9 2 0
gosocial/internal/dbmysql/notification_repositories.go:24.9,26.3 1 0
gosocial/internal/dbmysql/notification_repositories.go:28.2,28.66 1 0
gosocial/internal/dbmysql/notification_repositories.go:28.66,30.3 1 0
gosocial/internal/dbmysql/notification_repositories.go:31.2,31.12 1 0
gosocial/internal/dbmysql/notification_repositories.go:34.92,37.93 2 0
gosocial/internal/dbmysql/notification_repositories.go:37.93,38.36 1 0
gosocial/internal/dbmysql/notification_repositories.go:38.36,40.4 1 0
gosocial/internal/dbmysql/notification_repositories.go:41.3,41.64 1 0
gosocial/internal/dbmysql/notification_repositories.go:44.2,44.27 1 0
gosocial/internal/dbmysql/notification_repositories.go:51.26,58.15 3 0
gosocial/internal/dbmysql/notification_repositories.go:58.15,60.3 1 0
gosocial/internal/dbmysql/notification_repositories.go:62.2,62.16 1 0
gosocial/internal/dbmysql/notification_repositories.go:62.16,64.3 1 0
gosocial/internal/dbmysql/notification_repositories.go:66.2,66.57 1 0
gosocial/internal/dbmysql/notification_repositories.go:66.57,68.3 1 0
gosocial/internal/dbmysql/notification_repositories.go:70.2,71.38 2 0
gosocial/internal/dbmysql/notification_repositories.go:71.38,73.3 1 0
gosocial/internal/dbmysql/notification_repositories.go:75.2,75.20 1 0
gosocial/internal/dbmysql/notification_repositories.go:81.26,90.16 3 0
gosocial/internal/dbmysql/notification_repositories.go:90.16,92.3 1 0
gosocial/internal/dbmysql/notification_repositories.go:94.2,95.38 2 0
gosocial/internal/dbmysql/notification_repositories.go:95.38,97.3 1 0
gosocial/internal/dbmysql/notification_repositories.go:99.2,99.20 1 0
gosocial/internal/dbmysql/notification_repositories.go:102.93,111.25 2 0
gosocial/internal/dbmysql/notification_repositories.go:111.25,113.3 1 0
gosocial/internal/dbmysql/notification_repositories.go:115.2,115.30 1 0
gosocial/internal/dbmysql/notification_repositories.go:115.30,117.3 1 0
gosocial/internal/dbmysql/notification_repositories.go:119.2,119.12 1 0
gosocial/internal/dbmysql/notification_repositories.go:122.91,134.25 3 0
gosocial/internal/dbmysql/notification_repositories.go:134.25,136.3 1 0
gosocial/internal/dbmysql/notification_repositories.go:138.2,138.30 1 0
gosocial/internal/dbmysql/notification_repositories.go:138.30,140.3 1 0
gosocial/internal/dbmysql/notification_repositories.go:142.2,142.12 1 0
gosocial/internal/dbmysql/notification_repositories.go:145.79,148.25 2 0
gosocial/internal/dbmysql/notification_repositories.go:148.25,150.3 1 0
gosocial/internal/dbmysql/notification_repositories.go:152.2,152.30 1 0
gosocial/internal/dbmysql/notification_repositories.go:152.30,154.3 1 0
gosocial/internal/dbmysql/notification_repositories.go:156.2,156.12 1 0
gosocial/internal/dbmysql/notification_repositories.go:159.97,167.16 3 0
gosocial/internal/dbmysql/notification_repositories.go:167.16,169.3 1 0
gosocial/internal/dbmysql/notification_repositories.go:171.2,171.19 1 0
gosocial/internal/dbmysql/notification_repositories.go:178.63,182.2 1 0
gosocial/internal/dbmysql/notification_repositories.go:187.9,196.65 2 0
gosocial/internal/dbmysql/notification_repositories.go:196.65,198.3 1 0
gosocial/internal/dbmysql/notification_repositories.go:200.2,200.12 1 0
gosocial/internal/dbmysql/notification_repositories.go:206.26,216.16 4 0
gosocial/internal/dbmysql/notification_repositories.go:216.16,218.3 1 0
gosocial/internal/dbmysql/notification_repositories.go:220.2,221.33 2 0
gosocial/internal/dbmysql/notification_repositories.go:221.33,223.3 1 0
gosocial/internal/dbmysql/notification_repositories.go:225.2,225.20 1 0
gosocial/internal/dbmysql/notification_repositories.go:232.9,235.15 2 0
gosocial/internal/dbmysql/notification_repositories.go:235.15,238.3 1 0
gosocial/internal/dbmysql/notification_repositories.go:238.8,240.3 1 0
gosocial/internal/dbmysql/notification_repositories.go:242.2,247.25 2 0
gosocial/internal/dbmysql/notification_repositories.go:247.25,249.3 1 0
gosocial/internal/dbmysql/notification_repositories.go:251.2,251.12 1 0
gosocial/internal/dbmysql/notification_repositories.go:254.81,257.25 2 0
gosocial/internal/dbmysql/notification_repositories.go:257.25,259.3 1 0
gosocial/internal/dbmysql/notification_repositories.go:261.2,261.12 1 0
gosocial/internal/chat/service/chat_service.go:22.62,24.2 1 2
gosocial/internal/chat/service/chat_service.go:27.104,29.30 1 3
gosocial/internal/chat/service/chat_service.go:29.30,31.3 1 1
gosocial/internal/chat/service/chat_service.go:32.2,32.24 1 2
gosocial/internal/chat/service/chat_service.go:32.24,34.3 1 0
gosocial/internal/chat/service/chat_service.go:35.2,35.23 1 2
gosocial/internal/chat/service/chat_service.go:35.23,37.3 1 0
gosocial/internal/chat/service/chat_service.go:40.2,44.16 3 2
gosocial/internal/chat/service/chat_service.go:44.16,46.3 1 1
gosocial/internal/chat/service/chat_service.go:48.2,48.17 1 1
gosocial/internal/chat/service/chat_service.go:52.113,53.26 1 2
gosocial/internal/chat/service/chat_service.go:53.26,55.3 1 1
gosocial/internal/chat/service/chat_service.go:57.2,57.49 1 1
gosocial/internal/chat/service/mocks/mock_chat_repository.go:33.73,37.2 3 0
gosocial/internal/chat/service/mocks/mock_chat_repository.go:40.71,42.2 1 0
gosocial/internal/chat/service/mocks/mock_chat_repository.go:45.115,51.2 5 0
gosocial/internal/chat/service/mocks/mock_chat_repository.go:54.94,57.2 2 0
gosocial/internal/chat/service/mocks/mock_chat_repository.go:60.84,65.2 4 0
gosocial/internal/chat/service/mocks/mock_chat_repository.go:68.75,71.2 2 0
gosocial/internal/chat/repository/chat_repository.go:20.52,24.2 1 4
gosocial/internal/chat/repository/chat_repository.go:26.74,28.2 1 2
gosocial/internal/chat/repository/chat_repository.go:30.105,33.2 2 2
gosocial/internal/dbmongo/connection.go:21.65,28.19 6 2
gosocial/internal/dbmongo/connection.go:28.19,30.6 1 0
gosocial/internal/dbmongo/connection.go:32.5,32.49 1 2
gosocial/internal/dbmongo/connection.go:32.49,34.6 1 0
gosocial/internal/dbmongo/connection.go:36.5,38.19 3 2
gosocial/internal/dbmongo/connection.go:38.19,40.6 1 0
gosocial/internal/dbmongo/connection.go:42.5,46.11 1 2
gosocial/internal/dbmongo/connection.go:49.57,51.2 1 2
gosocial/internal/dbmongo/media_storage.go:21.62,25.2 1 1
gosocial/internal/dbmongo/media_storage.go:36.135,51.16 5 4
gosocial/internal/dbmongo/media_storage.go:51.16,53.3 1 0
gosocial/internal/dbmongo/media_storage.go:55.2,59.16 3 4
gosocial/internal/dbmongo/media_storage.go:59.16,61.3 1 0
gosocial/internal/dbmongo/media_storage.go:64.2,71.8 1 4
gosocial/internal/dbmongo/media_storage.go:74.105,76.16 2 4
gosocial/internal/dbmongo/media_storage.go:76.16,78.3 1 1
gosocial/internal/dbmongo/media_storage.go:81.2,82.16 2 3
gosocial/internal/dbmongo/media_storage.go:82.16,84.3 1 2
gosocial/internal/dbmongo/media_storage.go:87.2,89.30 3 1
gosocial/internal/dbmongo/media_storage.go:89.30,91.3 1 1
gosocial/internal/dbmongo/media_storage.go:94.2,103.31 2 1
gosocial/internal/dbmongo/media_storage.go:106.78,108.16 2 6
gosocial/internal/dbmongo/media_storage.go:108.16,110.3 1 1
gosocial/internal/dbmongo/media_storage.go:111.2,111.35 1 5
gosocial/internal/dbmongo/media_storage.go:115.52,116.14 1 7
gosocial/internal/dbmongo/media_storage.go:116.14,118.3 1 1
gosocial/internal/dbmongo/media_storage.go:119.2,119.27 1 6
gosocial/internal/dbmongo/media_storage.go:119.27,120.34 1 5
gosocial/internal/dbmongo/media_storage.go:120.34,122.4 1 3
gosocial/internal/dbmongo/media_storage.go:124.2,124.11 1 3
gosocial/internal/chat/handler/chat_handler.go:27.67,32.2 1 6
gosocial/internal/chat/handler/chat_handler.go:35.118,44.16 3 3
gosocial/internal/chat/handler/chat_handler.go:44.16,46.3 1 2
gosocial/internal/chat/handler/chat_handler.go:48.2,60.8 3 1
gosocial/internal/chat/handler/chat_handler.go:63.126,65.16 2 5
gosocial/internal/chat/handler/chat_handler.go:65.16,67.3 1 1
gosocial/internal/chat/handler/chat_handler.go:69.2,76.15 4 4
gosocial/internal/chat/handler/chat_handler.go:76.15,78.3 1 1
gosocial/internal/chat/handler/chat_handler.go:79.2,79.16 1 4
gosocial/internal/chat/handler/chat_handler.go:79.16,81.3 1 2
gosocial/internal/chat/handler/chat_handler.go:84.2,84.34 1 2
gosocial/internal/chat/handler/chat_handler.go:84.34,86.3 1 1
gosocial/internal/chat/handler/chat_handler.go:88.2,89.31 2 1
gosocial/internal/chat/handler/chat_handler.go:89.31,91.3 1 0
gosocial/internal/chat/handler/chat_handler.go:93.2,93.48 1 1
gosocial/internal/chat/handler/chat_handler.go:93.48,101.3 2 2
gosocial/internal/chat/handler/chat_handler.go:103.2,105.8 1 1
gosocial/internal/chat/handler/chat_handler.go:108.88,111.11 2 2
gosocial/internal/chat/handler/chat_handler.go:111.11,112.7 1 2
gosocial/internal/chat/handler/chat_handler.go:112.7,114.21 2 3
gosocial/internal/chat/handler/chat_handler.go:114.21,115.10 1 1
gosocial/internal/chat/handler/chat_handler.go:117.4,117.18 1 2
gosocial/internal/chat/handler/chat_handler.go:117.18,119.10 2 1
gosocial/internal/chat/handler/chat_handler.go:121.4,121.28 1 1
gosocial/internal/chat/handler/chat_handler.go:121.28,126.5 4 1
gosocial/internal/chat/handler/chat_handler.go:128.4,136.18 3 1
gosocial/internal/chat/handler/chat_handler.go:136.18,138.13 2 0
gosocial/internal/chat/handler/chat_handler.go:141.4,147.61 2 1
gosocial/internal/chat/handler/chat_handler.go:151.2,151.9 1 2
gosocial/internal/chat/handler/chat_handler.go:152.33,154.32 2 2
gosocial/internal/chat/handler/chat_handler.go:158.85,163.9 4 54
gosocial/internal/chat/handler/chat_handler.go:163.9,165.3 1 53
gosocial/internal/chat/handler/chat_handler.go:167.2,167.33 1 1
gosocial/internal/chat/handler/chat_handler.go:167.33,168.42 1 1
gosocial/internal/chat/handler/chat_handler.go:168.42,171.4 1 0
gosocial/internal/chat/handler/chat_handler.go:175.103,180.9 4 54
gosocial/internal/chat/handler/chat_handler.go:180.9,182.3 1 53
gosocial/internal/chat/handler/chat_handler.go:183.2,183.29 1 1
gosocial/internal/chat/handler/chat_handler.go:183.29,184.19 1 1
gosocial/internal/chat/handler/chat_handler.go:184.19,186.9 2 1
gosocial/internal/notif/handlers.go:49.24,54.2 2 1
gosocial/internal/notif/handlers.go:61.16,68.2 1 10
gosocial/internal/notif/handlers.go:71.132,73.62 2 6
gosocial/internal/notif/handlers.go:73.62,75.3 1 3
gosocial/internal/notif/handlers.go:78.2,88.16 3 3
gosocial/internal/notif/handlers.go:88.16,91.3 2 1
gosocial/internal/notif/handlers.go:93.2,97.8 1 2
gosocial/internal/notif/handlers.go:101.144,103.88 2 3
gosocial/internal/notif/handlers.go:103.88,105.3 1 1
gosocial/internal/notif/handlers.go:107.2,108.38 2 2
gosocial/internal/notif/handlers.go:108.38,110.3 1 1
gosocial/internal/notif/handlers.go:112.2,123.16 3 1
gosocial/internal/notif/handlers.go:123.16,126.3 2 0
gosocial/internal/notif/handlers.go:128.2,132.8 1 1
gosocial/internal/notif/handlers.go:136.144,138.22 2 3
gosocial/internal/notif/handlers.go:138.22,140.3 1 1
gosocial/internal/notif/handlers.go:142.2,143.15 2 2
gosocial/internal/notif/handlers.go:143.15,145.3 1 1
gosocial/internal/notif/handlers.go:147.2,148.16 2 2
gosocial/internal/notif/handlers.go:148.16,150.3 1 1
gosocial/internal/notif/handlers.go:153.2,156.16 3 2
gosocial/internal/notif/handlers.go:156.16,159.3 2 0
gosocial/internal/notif/handlers.go:162.2,163.38 2 2
gosocial/internal/notif/handlers.go:163.38,175.3 1 1
gosocial/internal/notif/handlers.go:177.2,184.8 1 2
gosocial/internal/notif/handlers.go:188.114,190.30 2 2
gosocial/internal/notif/handlers.go:190.30,192.3 1 1
gosocial/internal/notif/handlers.go:194.2,195.16 2 1
gosocial/internal/notif/handlers.go:195.16,198.3 2 0
gosocial/internal/notif/handlers.go:200.2,203.8 1 1
gosocial/internal/notif/handlers.go:207.126,209.69 2 5
gosocial/internal/notif/handlers.go:209.69,211.3 1 3
gosocial/internal/notif/handlers.go:213.2,214.16 2 2
gosocial/internal/notif/handlers.go:214.16,217.3 2 0
gosocial/internal/notif/handlers.go:219.2,222.8 1 2
gosocial/internal/notif/handlers.go:226.135,228.74 2 2
gosocial/internal/notif/handlers.go:228.74,230.3 1 1
gosocial/internal/notif/handlers.go:232.2,233.16 2 1
gosocial/internal/notif/handlers.go:233.16,236.3 2 0
gosocial/internal/notif/handlers.go:238.2,242.8 1 1
gosocial/internal/notif/handlers.go:246.117,252.2 1 1
gosocial/internal/notif/handlers.go:255.79,257.25 2 5
gosocial/internal/notif/handlers.go:257.25,259.3 1 4
gosocial/internal/notif/handlers.go:260.2,260.17 1 5
gosocial/internal/notif/handlers.go:263.100,265.29 2 2
gosocial/internal/notif/handlers.go:265.29,266.32 1 4
gosocial/internal/notif/handlers.go:266.32,268.4 1 3
gosocial/internal/notif/handlers.go:270.2,270.15 1 2
gosocial/internal/notif/handlers.go:273.95,275.29 2 0
gosocial/internal/notif/handlers.go:275.29,276.32 1 0
gosocial/internal/notif/handlers.go:276.32,278.4 1 0
gosocial/internal/notif/handlers.go:280.2,280.15 1 0
gosocial/internal/notif/handlers.go:283.38,292.2 5 6
gosocial/internal/notif/observers.go:25.16,30.2 1 8
gosocial/internal/notif/observers.go:32.37,34.2 1 2
gosocial/internal/notif/observers.go:36.68,37.69 1 6
gosocial/internal/notif/observers.go:37.69,40.3 2 1
gosocial/internal/notif/observers.go:42.2,42.24 1 5
gosocial/internal/notif/observers.go:42.24,45.3 2 2
gosocial/internal/notif/observers.go:47.2,48.16 2 3
gosocial/internal/notif/observers.go:48.16,50.3 1 1
gosocial/internal/notif/observers.go:52.2,52.32 1 2
gosocial/internal/notif/observers.go:52.32,55.3 2 1
gosocial/internal/notif/observers.go:57.2,59.51 3 1
gosocial/internal/notif/observers.go:59.51,60.58 1 2
gosocial/internal/notif/observers.go:60.58,63.4 2 0
gosocial/internal/notif/observers.go:66.2,66.22 1 1
gosocial/internal/notif/observers.go:66.22,69.3 2 1
gosocial/internal/notif/observers.go:71.2,83.27 2 0
gosocial/internal/notif/observers.go:83.27,85.3 1 0
gosocial/internal/notif/observers.go:87.2,87.27 1 0
gosocial/internal/notif/observers.go:87.27,88.42 1 0
gosocial/internal/notif/observers.go:88.42,89.42 1 0
gosocial/internal/notif/observers.go:89.42,91.5 1 0
gosocial/internal/notif/observers.go:95.2,96.16 2 0
gosocial/internal/notif/observers.go:96.16,98.3 1 0
gosocial/internal/notif/observers.go:100.2,103.12 3 0
gosocial/internal/notif/observers.go:109.3,110.44 1 0
gosocial/internal/notif/observers.go:110.44,111.42 1 0
gosocial/internal/notif/observers.go:111.42,114.47 2 0
gosocial/internal/notif/observers.go:114.47,120.19 1 0
gosocial/internal/notif/observers.go:120.19,122.6 1 0
gosocial/internal/notif/observers.go:122.11,124.6 1 0
gosocial/internal/notif/observers.go:134.72,138.2 1 6
gosocial/internal/notif/observers.go:140.39,142.2 1 4
gosocial/internal/notif/observers.go:144.70,145.24 1 3
gosocial/internal/notif/observers.go:145.24,147.3 1 1
gosocial/internal/notif/observers.go:149.2,150.24 2 2
gosocial/internal/notif/observers.go:150.24,152.3 1 0
gosocial/internal/notif/observers.go:154.2,156.71 3 2
gosocial/internal/notif/observers.go:156.71,158.3 1 0
gosocial/internal/notif/observers.go:160.2,161.12 2 2
gosocial/internal/notif/observers.go:168.80,172.2 1 4
gosocial/internal/notif/observers.go:174.42,176.2 1 1
gosocial/internal/notif/observers.go:178.73,195.74 2 3
gosocial/internal/notif/observers.go:195.74,197.3 1 1
gosocial/internal/notif/observers.go:199.2,199.12 1 2
gosocial/internal/notif/service.go:28.52,38.37 3 50
gosocial/internal/notif/service.go:38.37,41.3 2 250
gosocial/internal/notif/service.go:43.2,43.11 1 50
gosocial/internal/notif/service.go:46.68,51.2 4 19
gosocial/internal/notif/service.go:53.70,58.2 4 11
gosocial/internal/notif/service.go:60.71,63.35 3 657
gosocial/internal/notif/service.go:63.35,65.3 1 81
gosocial/internal/notif/service.go:66.2,68.37 2 657
gosocial/internal/notif/service.go:68.37,69.48 1 81
gosocial/internal/notif/service.go:69.48,71.4 1 0
gosocial/internal/notif/service.go:75.76,76.9 1 31
gosocial/internal/notif/service.go:77.32,77.32 0 31
gosocial/internal/notif/service.go:78.23,79.9 1 0
gosocial/internal/notif/service.go:80.10,81.74 1 0
gosocial/internal/notif/service.go:85.48,87.6 2 250
gosocial/internal/notif/service.go:87.6,88.10 1 905
gosocial/internal/notif/service.go:89.35,90.20 1 655
gosocial/internal/notif/service.go:91.24,92.10 1 250
gosocial/internal/notif/service.go:97.43,102.2 4 50
gosocial/internal/notif/service.go:113.208,123.22 2 40
gosocial/internal/notif/service.go:123.22,125.3 1 0
gosocial/internal/notif/service.go:126.2,126.25 1 40
gosocial/internal/notif/service.go:126.25,128.3 1 1
gosocial/internal/notif/service.go:130.2,132.16 2 40
gosocial/internal/notif/service.go:135.107,137.47 1 17
gosocial/internal/notif/service.go:137.47,139.3 1 9
gosocial/internal/notif/service.go:141.2,144.12 3 8
gosocial/internal/notif/service.go:147.111,148.30 1 5
gosocial/internal/notif/service.go:148.30,150.3 1 1
gosocial/internal/notif/service.go:152.2,152.42 1 4
gosocial/internal/notif/service.go:152.42,154.3 1 1
gosocial/internal/notif/service.go:156.2,156.47 1 3
gosocial/internal/notif/service.go:156.47,158.3 1 1
gosocial/internal/notif/service.go:160.2,176.57 2 2
gosocial/internal/notif/service.go:176.57,178.3 1 1
gosocial/internal/notif/service.go:180.2,182.12 2 1
gosocial/internal/notif/service.go:185.140,187.16 2 4
gosocial/internal/notif/service.go:187.16,189.3 1 1
gosocial/internal/notif/service.go:191.2,192.33 2 3
gosocial/internal/notif/service.go:192.33,193.54 1 3
gosocial/internal/notif/service.go:193.54,195.4 1 2
gosocial/internal/notif/service.go:195.9,197.4 1 1
gosocial/internal/notif/service.go:200.2,200.27 1 2
gosocial/internal/notif/service.go:203.100,205.2 1 2
gosocial/internal/notif/service.go:207.116,209.2 1 5
gosocial/internal/notif/service.go:211.131,227.2 2 1
gosocial/internal/notif/service.go:229.63,233.21 3 40
gosocial/internal/notif/service.go:233.21,236.17 3 0
gosocial/internal/notif/service.go:236.17,238.12 2 0
gosocial/internal/notif/service.go:241.3,241.57 1 0
gosocial/internal/notif/service.go:241.57,242.63 1 0
gosocial/internal/notif/service.go:242.63,257.89 3 0
gosocial/internal/notif/service.go:257.89,259.6 1 0
gosocial/internal/notif/service.go:263.3,263.38 1 0
gosocial/internal/notif/service.go:263.38,265.4 1 0
gosocial/internal/notif/service.go:269.83,270.24 1 28
gosocial/internal/notif/service.go:270.24,272.3 1 4
gosocial/internal/notif/service.go:274.2,274.24 1 24
gosocial/internal/notif/service.go:274.24,276.3 1 3
gosocial/internal/notif/service.go:278.2,278.25 1 21
gosocial/internal/notif/service.go:278.25,280.3 1 3
gosocial/internal/notif/service.go:282.2,282.46 1 18
gosocial/internal/notif/service.go:282.46,284.3 1 5
gosocial/internal/notif/service.go:286.2,286.12 1 13
gosocial/internal/notif/service.go:289.42,292.2 2 40
gosocial/internal/config/config.go:104.27,106.15 2 3
gosocial/internal/config/config.go:106.15,108.3 1 0
gosocial/internal/config/config.go:110.2,172.3 5 3
gosocial/internal/config/config.go:175.39,176.58 1 2
gosocial/internal/config/config.go:176.58,180.3 1 1
gosocial/internal/config/config.go:181.2,182.53 1 1
gosocial/internal/config/config.go:186.33,187.29 1 2
gosocial/internal/config/config.go:187.29,189.3 1 1
gosocial/internal/config/config.go:190.2,190.29 1 2
gosocial/internal/config/config.go:190.29,192.3 1 1
gosocial/internal/config/config.go:194.2,200.3 1 2
gosocial/internal/config/config.go:203.42,204.42 1 87
gosocial/internal/config/config.go:204.42,206.3 1 28
gosocial/internal/config/config.go:207.2,207.17 1 59
gosocial/internal/config/config.go:210.48,212.18 2 6
gosocial/internal/config/config.go:212.18,214.3 1 4
gosocial/internal/config/config.go:215.2,216.16 2 2
gosocial/internal/config/config.go:216.16,218.3 1 1
gosocial/internal/config/config.go:219.2,219.12 1 1
